Fri Jun 21 12:52:25 2019  ->[13, 4, 23, 12, 10, 41]
Fri Jun 21 12:52:25 2019  ->[31, 37, 15, 51, 48, 5]
Fri Jun 21 19:13:01 2019  ->[10, 35, 13, 38, 37, 14]
Fri Jun 21 19:13:01 2019  ->[34, 11, 26, 40, 7, 46]
Fri Jun 21 19:14:17 2019  ->[48, 4, 44, 40, 43, 6]
Fri Jun 21 19:14:17 2019  ->[47, 50, 46, 28, 18, 1]
Fri Jun 21 19:15:10 2019  ->[52, 39, 21, 31, 43, 38]
Fri Jun 21 19:15:10 2019  ->[11, 36, 4, 38, 26, 39]
Fri Jun 21 19:15:59 2019  ->[48, 28, 6, 10, 5, 15]
Fri Jun 21 19:15:59 2019  ->[48, 8, 40, 44, 9, 18]
Fri Jun 21 19:42:15 2019  ->[51, 34, 1, 43, 8, 31]
Fri Jun 21 19:42:15 2019  ->[46, 29, 22, 38, 32, 27]
Fri Jun 21 19:43:04 2019  ->[31, 47, 18, 11, 45, 2]
Fri Jun 21 19:43:04 2019  ->[18, 9, 15, 35, 6, 42]
Fri Jun 21 19:43:50 2019  ->[28, 33, 10, 12, 13, 4]
Fri Jun 21 19:43:50 2019  ->[7, 36, 4, 50, 40, 38]
Fri Jun 21 19:48:46 2019  ->[13, 38, 47, 3, 42, 37]
Fri Jun 21 19:48:46 2019  ->[50, 7, 14, 46, 34, 45]
Fri Jun 21 19:50:19 2019  ->[3, 19, 11, 42, 25, 29]
Fri Jun 21 19:50:19 2019  ->[31, 41, 18, 21, 30, 26]
Fri Jun 21 20:31:40 2019  ->[35, 37, 33, 41, 31, 34]
Fri Jun 21 20:31:40 2019  ->[4, 17, 24, 2, 8, 39]
Fri Jun 21 20:35:02 2019  ->[42, 32, 23, 19, 44, 6]
Fri Jun 21 20:35:02 2019  ->[31, 39, 43, 33, 7, 3]
Fri Jun 21 20:36:35 2019  ->[39, 46, 50, 19, 9, 42]
Fri Jun 21 20:36:35 2019  ->[17, 3, 51, 18, 32, 15]
Fri Jun 21 20:37:49 2019  ->[30, 14, 13, 4, 9, 16]
Fri Jun 21 20:37:49 2019  ->[32, 25, 12, 47, 16, 20]
Fri Jun 21 20:39:41 2019  ->[13, 37, 36, 25, 34, 2]
Fri Jun 21 20:39:41 2019  ->[50, 36, 11, 52, 37, 18]
Fri Jun 21 20:40:12 2019  ->[6, 50, 1, 49, 26, 32]
Fri Jun 21 20:40:12 2019  ->[18, 12, 15, 29, 38, 47]
Fri Jun 21 20:41:03 2019  ->[26, 51, 24, 15, 16, 31]
Fri Jun 21 20:41:03 2019  ->[31, 28, 19, 3, 35, 40]
Fri Jun 21 20:42:38 2019  ->[32, 48, 6, 2, 38, 22]
Fri Jun 21 20:42:38 2019  ->[12, 31, 35, 23, 21, 2]
Fri Jun 21 20:45:17 2019  ->[6, 35, 23, 5, 47, 20]
Fri Jun 21 20:45:17 2019  ->[26, 17, 36, 19, 30, 29]
Fri Jun 21 20:45:55 2019  ->[43, 44, 38, 16, 29, 7]
Fri Jun 21 20:45:55 2019  ->[1, 6, 14, 13, 37, 50]
Fri Jun 21 20:46:51 2019  ->[45, 37, 7, 20, 33, 28]
Fri Jun 21 20:46:51 2019  ->[45, 14, 32, 38, 7, 9]
Fri Jun 21 20:48:55 2019  ->[14, 3, 50, 30, 5, 51]
Fri Jun 21 20:48:55 2019  ->[5, 44, 20, 35, 45, 6]
Fri Jun 21 20:50:10 2019  ->[22, 16, 32, 23, 50, 33]
Fri Jun 21 20:50:10 2019  ->[13, 12, 3, 16, 15, 17]
Fri Jun 21 20:50:30 2019  ->[30, 41, 44, 24, 36, 19]
Fri Jun 21 20:50:30 2019  ->[32, 43, 10, 3, 31, 50]
Fri Jun 21 20:50:59 2019  ->[46, 5, 11, 20, 15, 25]
Fri Jun 21 20:50:59 2019  ->[30, 44, 25, 35, 20, 21]
Fri Jun 21 21:19:32 2019  ->[18, 45, 28, 38, 11, 15]
Fri Jun 21 21:19:32 2019  ->[45, 9, 24, 27, 44, 35]
Fri Jun 21 21:22:27 2019  ->[42, 31, 46, 26, 47, 43]
Fri Jun 21 21:22:27 2019  ->[26, 32, 24, 38, 6, 36]
Fri Jun 21 21:22:51 2019  ->[23, 16, 39, 8, 24, 25]
Fri Jun 21 21:22:51 2019  ->[4, 9, 24, 39, 46, 31]
Fri Jun 21 21:22:59 2019  ->[5, 52, 28, 26, 10, 37]
Fri Jun 21 21:22:59 2019  ->[7, 2, 30, 38, 4, 33]
Fri Jun 21 21:24:19 2019  ->[37, 32, 4, 10, 7, 47]
Fri Jun 21 21:24:19 2019  ->[6, 44, 50, 31, 47, 14]
Fri Jun 21 21:24:32 2019  ->[26, 11, 45, 27, 28, 18]
Fri Jun 21 21:24:32 2019  ->[7, 9, 45, 52, 12, 48]
Fri Jun 21 21:25:07 2019  ->[39, 38, 45, 41, 7, 33]
Fri Jun 21 21:25:07 2019  ->[30, 19, 13, 36, 21, 26]
Fri Jun 21 21:41:08 2019  ->[18, 15, 40, 23, 47, 12]
Fri Jun 21 21:41:08 2019  ->[16, 25, 18, 26, 21, 13]
